0 info it worked if it ends with ok
1 verbose cli [ '/usr/local/bin/node',
1 verbose cli   '/Users/isaackBesicov/node_modules/.bin/npm',
1 verbose cli   'run',
1 verbose cli   'test' ]
2 info using npm@3.10.10
3 info using node@v8.11.4
4 warn invalid config loglevel="notice"
5 verbose run-script [ 'pretest', 'test', 'posttest' ]
6 info lifecycle ex-platform@1.0.0~pretest: ex-platform@1.0.0
7 silly lifecycle ex-platform@1.0.0~pretest: no script for pretest, continuing
8 info lifecycle ex-platform@1.0.0~test: ex-platform@1.0.0
9 verbose lifecycle ex-platform@1.0.0~test: unsafe-perm in lifecycle true
10 verbose lifecycle ex-platform@1.0.0~test: PATH: /Users/isaackBesicov/node_modules/npm/bin/node-gyp-bin:/Users/isaackBesicov/Desktop/test/ex-platform/node_modules/.bin:/Users/isaackBesicov/Desktop/test/ex-platform/node_modules/.bin:/Users/isaackBesicov/Desktop/test/node_modules/.bin:/Users/isaackBesicov/Desktop/node_modules/.bin:/Users/isaackBesicov/node_modules/.bin:/Users/node_modules/.bin:/node_modules/.bin:/usr/local/bin:/usr/local/lib/node_modules/npm/node_modules/npm-lifecycle/node-gyp-bin:/Users/isaackBesicov/Desktop/test/node_modules/.bin:/usr/local/lib/node_modules/npm/node_modules/npm-lifecycle/node-gyp-bin:/Users/isaackBesicov/Desktop/test/node_modules/.bin:/usr/local/mysql/bin:/usr/local/bin:/usr/bin:/bin:/usr/sbin:/sbin:/opt/X11/bin:/usr/local/mysql/bin:~/.composer/vendor/bin:~/.composer/vendor/bin
11 verbose lifecycle ex-platform@1.0.0~test: CWD: /Users/isaackBesicov/Desktop/test/ex-platform
12 silly lifecycle ex-platform@1.0.0~test: Args: [ '-c', 'jest' ]
13 silly lifecycle ex-platform@1.0.0~test: Returned: code: 1  signal: null
14 info lifecycle ex-platform@1.0.0~test: Failed to exec test script
15 verbose stack Error: ex-platform@1.0.0 test: `jest`
15 verbose stack Exit status 1
15 verbose stack     at EventEmitter.<anonymous> (/Users/isaackBesicov/node_modules/npm/lib/utils/lifecycle.js:255:16)
15 verbose stack     at emitTwo (events.js:126:13)
15 verbose stack     at EventEmitter.emit (events.js:214:7)
15 verbose stack     at ChildProcess.<anonymous> (/Users/isaackBesicov/node_modules/npm/lib/utils/spawn.js:40:14)
15 verbose stack     at emitTwo (events.js:126:13)
15 verbose stack     at ChildProcess.emit (events.js:214:7)
15 verbose stack     at maybeClose (internal/child_process.js:925:16)
15 verbose stack     at Process.ChildProcess._handle.onexit (internal/child_process.js:209:5)
16 verbose pkgid ex-platform@1.0.0
17 verbose cwd /Users/isaackBesicov/Desktop/test/ex-platform
18 error Darwin 16.4.0
19 error argv "/usr/local/bin/node" "/Users/isaackBesicov/node_modules/.bin/npm" "run" "test"
20 error node v8.11.4
21 error npm  v3.10.10
22 error code ELIFECYCLE
23 error ex-platform@1.0.0 test: `jest`
23 error Exit status 1
24 error Failed at the ex-platform@1.0.0 test script 'jest'.
24 error Make sure you have the latest version of node.js and npm installed.
24 error If you do, this is most likely a problem with the ex-platform package,
24 error not with npm itself.
24 error Tell the author that this fails on your system:
24 error     jest
24 error You can get information on how to open an issue for this project with:
24 error     npm bugs ex-platform
24 error Or if that isn't available, you can get their info via:
24 error     npm owner ls ex-platform
24 error There is likely additional logging output above.
25 verbose exit [ 1, true ]
